<?xml version="1.0" encoding="UTF-8"?>
<!-- Generated by org.testng.reporters.JUnitXMLReporter -->
<testsuite ignored="0" hostname="DESKTOP-QSOMC3F" failures="1" tests="2" name="Test" time="3.171" errors="0" timestamp="2022-02-27T04:18:06 EET">
  <testcase classname="apisTestClasses.ApiTestCases" name="ValidateResponseBodyOfPostRequest" time="2.584">
    <failure type="java.lang.AssertionError" message="expected [A Title text is written here for the task] but found [null]">
      <![CDATA[java.lang.AssertionError: expected [A Title text is written here for the task] but found [null]
at apisTestClasses.ApiTestCases.ValidateResponseBodyOfPostRequest(ApiTestCases.java:46)
at java.base/java.util.ArrayList.forEach(ArrayList.java:1511)
... Removed 33 stack frames]]>
    </failure>
  </testcase> <!-- ValidateResponseBodyOfPostRequest -->
  <testcase classname="apisTestClasses.ApiTestCases" name="request_ValidatePostsOfUser" time="0.481"/>
</testsuite> <!-- Test -->
